2023-08-04 23:45:27.198 [info] Reading sessions from keychain...
2023-08-04 23:45:27.198 [info] Getting sessions for all scopes...
2023-08-04 23:45:27.198 [info] Got 0 sessions for ...
2023-08-04 23:45:27.198 [info] Getting sessions for user:email...
2023-08-04 23:45:27.198 [info] Got 0 sessions for user:email...
2023-08-04 23:45:27.198 [info] Getting sessions for all scopes...
2023-08-04 23:45:27.202 [info] Got 0 sessions for ...
2023-08-04 23:45:27.508 [info] Getting sessions for all scopes...
2023-08-04 23:45:27.508 [info] Got 0 sessions for ...
2023-08-04 23:45:47.072 [info] Reading sessions from keychain...
2023-08-04 23:45:47.072 [info] Getting sessions for all scopes...
2023-08-04 23:45:47.106 [info] Getting sessions for user:email...
2023-08-04 23:45:47.155 [info] Got 0 sessions for ...
2023-08-04 23:45:47.156 [info] Got 0 sessions for user:email...
2023-08-04 23:45:47.226 [info] Getting sessions for all scopes...
2023-08-04 23:45:47.226 [info] Got 0 sessions for ...
2023-08-04 23:45:47.239 [info] Getting sessions for all scopes...
2023-08-04 23:45:47.239 [info] Got 0 sessions for ...
2023-08-04 23:45:52.061 [info] Getting sessions for read:user,repo,user:email,workflow...
2023-08-04 23:45:52.062 [info] Got 0 sessions for read:user,repo,user:email,workflow...
